<?xml version="1.0" encoding="UTF-8"?>
<quality-tree>
    <id>7</id>
    <project-name>Test</project-name>
    <project-description/>
    <author>
        <personname>
            <firstname>Dan</firstname>
            <surname>McCreary</surname>
        </personname>
        <email>dan@danmccreary.com</email>
        <orgname>Kelly McCreary &amp; Associates</orgname>
    </author>
    <quality-attributes>
        <quality-attribute>
            <name>Findability</name>
            <description>Ability to find data after it is has been stored in the database</description>
            <quality-attribute2>
                <name>Full text search</name>
                <importance>high</importance>
                <difficulty>low</difficulty>
                <description>Many NoSQL Database have full-text search built-in.</description>
            </quality-attribute2>
        </quality-attribute>
    </quality-attributes>
</quality-tree>